2020-11-05 11:40:00.004664+08:00 [info] [main] [main.go/105][Main]Get args from command , pid : 29247 , address : 127.0.0.1:30303 , duration , 10s , error type : sql-error
2020-11-05 11:40:00.004711+08:00 [info] [initClient] [client.go/40][DelveClient.InitClient]Initing client....
2020-11-05 11:40:00.005449+08:00 [info] [InitServer] [server.go/44][DelveServer.InitServer]initing delve server with pid : 29247 , listen address : 127.0.0.1:30303
2020-11-05 11:40:00.005792+08:00 [info] [StartServer] [server.go/88][DelveServer.StartServer]starting delve attach server.
2020-11-05 11:40:00.774868+08:00 [info] [StartServer] [server.go/93][DelveServer.StartServer]delve server attached to pid : 29247 , listen address : 127.0.0.1:30303
2020-11-05 11:40:00.774874+08:00 [info] [WaitForStopServer] [server.go/99]Waiting for Server stop.
2020-11-05 11:40:00.775316+08:00 [info] [setGolangSqlError] [set_sql_error.go/17][DelveClient.SetMysqlQueryError]start set sql query error....
2020-11-05 11:40:00.775324+08:00 [info] [NewSqlHacker] [sql_hacker.go/148][NewSqlHacker]New sql hacker....
2020-11-05 11:40:00.776061+08:00 [info] [createBreakpoints] [sql_hacker.go/75][sqlHacker.createBreakpoints] Creating breakpoint to funcname : database/sql.(*DB).QueryContext
2020-11-05 11:40:00.777245+08:00 [info] [createBreakpoints] [sql_hacker.go/75][sqlHacker.createBreakpoints] Creating breakpoint to funcname : database/sql.(*DB).ExecContext
2020-11-05 11:40:00.778329+08:00 [info] [createBreakpoints] [sql_hacker.go/75][sqlHacker.createBreakpoints] Creating breakpoint to funcname : database/sql.(*Tx).QueryContext
2020-11-05 11:40:00.779207+08:00 [info] [createBreakpoints] [sql_hacker.go/75][sqlHacker.createBreakpoints] Creating breakpoint to funcname : database/sql.(*Tx).ExecContext
2020-11-05 11:40:00.782702+08:00 [info] [createBreakpoints] [sql_hacker.go/75][sqlHacker.createBreakpoints] Creating breakpoint to funcname : database/sql.(*Stmt).QueryContext
2020-11-05 11:40:00.784359+08:00 [info] [createBreakpoints] [sql_hacker.go/75][sqlHacker.createBreakpoints] Creating breakpoint to funcname : database/sql.(*Stmt).ExecContext
2020-11-05 11:40:00.785241+08:00 [info] [invade] [sql_hacker.go/95][sqlHacker.invade]Start invading for 10s
2020-11-05 11:40:09.072317+08:00 [info] [main] [main.go/105][Main]Get args from command , pid : 29247 , address : 127.0.0.1:30303 , duration , 10s , error type : sql-error
2020-11-05 11:40:09.072405+08:00 [info] [initClient] [client.go/40][DelveClient.InitClient]Initing client....
2020-11-05 11:40:09.072639+08:00 [info] [InitServer] [server.go/44][DelveServer.InitServer]initing delve server with pid : 29247 , listen address : 127.0.0.1:30303
2020-11-05 11:40:09.073074+08:00 [info] [StartServer] [server.go/88][DelveServer.StartServer]starting delve attach server.
2020-11-05 11:40:09.779768+08:00 [info] [StartServer] [server.go/93][DelveServer.StartServer]delve server attached to pid : 29247 , listen address : 127.0.0.1:30303
2020-11-05 11:40:09.779782+08:00 [info] [WaitForStopServer] [server.go/99]Waiting for Server stop.
2020-11-05 11:40:09.780259+08:00 [info] [setGolangSqlError] [set_sql_error.go/17][DelveClient.SetMysqlQueryError]start set sql query error....
2020-11-05 11:40:09.780270+08:00 [info] [NewSqlHacker] [sql_hacker.go/148][NewSqlHacker]New sql hacker....
2020-11-05 11:40:09.781638+08:00 [info] [createBreakpoints] [sql_hacker.go/75][sqlHacker.createBreakpoints] Creating breakpoint to funcname : database/sql.(*DB).QueryContext
2020-11-05 11:40:09.783317+08:00 [info] [createBreakpoints] [sql_hacker.go/75][sqlHacker.createBreakpoints] Creating breakpoint to funcname : database/sql.(*DB).ExecContext
2020-11-05 11:40:09.784893+08:00 [info] [createBreakpoints] [sql_hacker.go/75][sqlHacker.createBreakpoints] Creating breakpoint to funcname : database/sql.(*Tx).QueryContext
2020-11-05 11:40:09.786479+08:00 [info] [createBreakpoints] [sql_hacker.go/75][sqlHacker.createBreakpoints] Creating breakpoint to funcname : database/sql.(*Tx).ExecContext
2020-11-05 11:40:09.791378+08:00 [info] [createBreakpoints] [sql_hacker.go/75][sqlHacker.createBreakpoints] Creating breakpoint to funcname : database/sql.(*Stmt).QueryContext
2020-11-05 11:40:09.794341+08:00 [info] [createBreakpoints] [sql_hacker.go/75][sqlHacker.createBreakpoints] Creating breakpoint to funcname : database/sql.(*Stmt).ExecContext
2020-11-05 11:40:09.795707+08:00 [info] [invade] [sql_hacker.go/95][sqlHacker.invade]Start invading for 10s
2020-11-05 11:40:14.780610+08:00 [info] [invade] [sql_hacker.go/105][sqlHacker.invade]Continuing...
2020-11-05 11:40:18.812138+08:00 [info] [invade] [sql_hacker.go/105][sqlHacker.invade]Continuing...
2020-11-05 11:40:19.783620+08:00 [info] [invade] [sql_hacker.go/99][sqlHacker.invade]period Context done
2020-11-05 11:40:19.783651+08:00 [info] [clearAllBreakpoints] [sql_hacker.go/157][sqlHacker.clearAllBreakPoints] clearing all break points....
2020-11-05 11:40:20.283849+08:00 [info] [WaitForStopServer] [server.go/103][DelveServer.WaitForStopServer]stoped by time ticker .
